

Microchip MPLAB XC8 Assembler V2.46 build 20240104201356 
                                                                                               Mon Jun 24 23:28:23 2024

Microchip MPLAB XC8 C Compiler v2.46 (Free license) build 20240104201356 Og1 
     1                           	processor	18F4620
     2                           	fnconf	rparam,??,?,0
     3                           	pagewidth 120
     4                           	opt	flic
     5                           	psect	idataCOMRAM,global,class=CODE,delta=1,noexec
     6                           	psect	nvCOMRAM,global,class=COMRAM,space=1,delta=1,lowdata,noexec
     7                           	psect	cinit,global,reloc=2,class=CODE,delta=1
     8                           	psect	bssCOMRAM,global,class=COMRAM,space=1,delta=1,lowdata,noexec
     9                           	psect	dataCOMRAM,global,class=COMRAM,space=1,delta=1,lowdata,noexec
    10                           	psect	cstackCOMRAM,global,class=COMRAM,space=1,delta=1,lowdata,noexec
    11                           	psect	text0,global,reloc=2,class=CODE,delta=1
    12                           	psect	text1,global,reloc=2,class=CODE,delta=1
    13                           	psect	text2,global,reloc=2,class=CODE,delta=1
    14                           	psect	text3,global,reloc=2,class=CODE,delta=1
    15                           	psect	text4,global,reloc=2,class=CODE,delta=1
    16                           	psect	text5,global,reloc=2,class=CODE,delta=1
    17                           	psect	text6,global,reloc=2,class=CODE,delta=1
    18                           	psect	text7,global,reloc=2,class=CODE,delta=1
    19                           	psect	smallconst,global,reloc=2,class=SMALLCONST,delta=1,noexec
    20                           	psect	intsave_regs,global,class=BIGRAM,space=1,delta=1,noexec
    21                           	psect	rparam,global,class=COMRAM,space=1,delta=1,noexec
    22                           	psect	config,global,abs,ovrld,class=CONFIG,space=4,delta=1,noexec
    23   000000                     
    24                           ; Generated 17/10/2023 GMT
    25                           ; 
    26                           ; Copyright © 2023, Microchip Technology Inc. and its subsidiaries ("Microchip")
    27                           ; All rights reserved.
    28                           ; 
    29                           ; This software is developed by Microchip Technology Inc. and its subsidiaries ("Microch
      +                          ip").
    30                           ; 
    31                           ; Redistribution and use in source and binary forms, with or without modification, are
    32                           ; permitted provided that the following conditions are met:
    33                           ; 
    34                           ;     1. Redistributions of source code must retain the above copyright notice, this lis
      +                          t of
    35                           ;        conditions and the following disclaimer.
    36                           ; 
    37                           ;     2. Redistributions in binary form must reproduce the above copyright notice, this 
      +                          list
    38                           ;        of conditions and the following disclaimer in the documentation and/or other
    39                           ;        materials provided with the distribution. Publication is not required when
    40                           ;        this file is used in an embedded application.
    41                           ; 
    42                           ;     3. Microchip's name may not be used to endorse or promote products derived from th
      +                          is
    43                           ;        software without specific prior written permission.
    44                           ; 
    45                           ; THIS SOFTWARE IS PROVIDED BY MICROCHIP "AS IS" AND ANY EXPRESS OR IMPLIED WARRANTIES,
    46                           ; INCLUDING, BUT NOT LIMITED TO, THE IMPLIED WARRANTIES OF MERCHANTABILITY AND FITNESS F
      +                          OR
    47                           ; PURPOSE ARE DISCLAIMED.  IN NO EVENT SHALL MICROCHIP BE LIABLE FOR ANY DIRECT, INDIREC
      +                          T,
    48                           ; INCIDENTAL, SPECIAL, EXEMPLARY, OR CONSEQUENTIAL DAMAGES (INCLUDING BUT NOT LIMITED TO
    49                           ; PROCUREMENT OF SUBSTITUTE GOODS OR SERVICES; LOSS OF USE, DATA OR PROFITS; OR BUSINESS
    50                           ; INTERRUPTION) HOWSOEVER CAUSED AND ON ANY THEORY OF LIABILITY, WHETHER IN CONTRACT, ST
      +                          RICT
    51                           ; LIABILITY, OR TORT (INCLUDING NEGLIGENCE OR OTHERWISE) ARISING IN ANY WAY OUT OF THE U
      +                          SE OF
    52                           ; THIS SOFTWARE, EVEN IF ADVISED OF THE POSSIBILITY OF SUCH DAMAGE.
    53                           ; 
    54                           ; 
    55                           ; Code-generator required, PIC18F4620 Definitions
    56                           ; 
    57                           ; SFR Addresses
    58   000000                     
    59                           	psect	idataCOMRAM
    60   0013F0                     __pidataCOMRAM:
    61                           	callstack 0
    62                           
    63                           ;initializer for _port_registers
    64   0013F0  80                 	db	128
    65   0013F1  0F                 	db	15
    66   0013F2  81                 	db	129
    67   0013F3  0F                 	db	15
    68   0013F4  82                 	db	130
    69   0013F5  0F                 	db	15
    70   0013F6  83                 	db	131
    71   0013F7  0F                 	db	15
    72   0013F8  84                 	db	132
    73   0013F9  0F                 	db	15
    74                           
    75                           ;initializer for _lat_registers
    76   0013FA  89                 	db	137
    77   0013FB  0F                 	db	15
    78   0013FC  8A                 	db	138
    79   0013FD  0F                 	db	15
    80   0013FE  8B                 	db	139
    81   0013FF  0F                 	db	15
    82   001400  8C                 	db	140
    83   001401  0F                 	db	15
    84   001402  8D                 	db	141
    85   001403  0F                 	db	15
    86                           
    87                           ;initializer for _tris_registers
    88   001404  92                 	db	146
    89   001405  0F                 	db	15
    90   001406  93                 	db	147
    91   001407  0F                 	db	15
    92   001408  94                 	db	148
    93   001409  0F                 	db	15
    94   00140A  95                 	db	149
    95   00140B  0F                 	db	15
    96   00140C  96                 	db	150
    97   00140D  0F                 	db	15
    98                           
    99                           ;initializer for _relay
   100   00140E  20                 	db	32
   101                           
   102                           	psect	nvCOMRAM
   103   000035                     __pnvCOMRAM:
   104                           	callstack 0
   105   000035                     _ret:
   106                           	callstack 0
   107   000035                     	ds	1
   108   000000                     _PORTE	set	3972
   109   000000                     _PORTD	set	3971
   110   000000                     _PORTC	set	3970
   111   000000                     _PORTB	set	3969
   112   000000                     _PORTA	set	3968
   113   000000                     _LATA	set	3977
   114   000000                     _TRISA	set	3986
   115   000000                     _TRISE	set	3990
   116   000000                     _TRISD	set	3989
   117   000000                     _TRISC	set	3988
   118   000000                     _TRISB	set	3987
   119   000000                     _LATE	set	3981
   120   000000                     _LATD	set	3980
   121   000000                     _LATC	set	3979
   122   000000                     _LATB	set	3978
   123                           
   124                           ; #config settings
   125                           
   126                           	psect	cinit
   127   001386                     __pcinit:
   128                           	callstack 0
   129   001386                     start_initialization:
   130                           	callstack 0
   131   001386                     __initialization:
   132                           	callstack 0
   133                           
   134                           ; Initialize objects allocated to COMRAM (31 bytes)
   135                           ; load TBLPTR registers with __pidataCOMRAM
   136   001386  0EF0               	movlw	low __pidataCOMRAM
   137   001388  6EF6               	movwf	tblptrl,c
   138   00138A  0E13               	movlw	high __pidataCOMRAM
   139   00138C  6EF7               	movwf	tblptrh,c
   140   00138E  0E00               	movlw	low (__pidataCOMRAM shr (0+16))
   141   001390  6EF8               	movwf	tblptru,c
   142   001392  EE00  F001         	lfsr	0,__pdataCOMRAM
   143   001396  EE10 F01F          	lfsr	1,31
   144   00139A                     copy_data0:
   145   00139A  0009               	tblrd		*+
   146   00139C  CFF5 FFEE          	movff	tablat,postinc0
   147   0013A0  50E5               	movf	postdec1,w,c
   148   0013A2  50E1               	movf	fsr1l,w,c
   149   0013A4  E1FA               	bnz	copy_data0
   150                           
   151                           ; Clear objects allocated to COMRAM (7 bytes)
   152   0013A6  EE00  F02E         	lfsr	0,__pbssCOMRAM
   153   0013AA  0E07               	movlw	7
   154   0013AC                     clear_0:
   155   0013AC  6AEE               	clrf	postinc0,c
   156   0013AE  06E8               	decf	wreg,f,c
   157   0013B0  E1FD               	bnz	clear_0
   158   0013B2                     end_of_initialization:
   159                           	callstack 0
   160   0013B2                     __end_of__initialization:
   161                           	callstack 0
   162   0013B2  0E00               	movlw	low (__Lmediumconst shr (0+16))
   163   0013B4  6EF8               	movwf	tblptru,c
   164   0013B6  0100               	movlb	0
   165   0013B8  EF9F  F009         	goto	_main	;jump to C main() function
   166                           
   167                           	psect	bssCOMRAM
   168   00002E                     __pbssCOMRAM:
   169                           	callstack 0
   170   00002E                     relay_turn_off@F2898:
   171                           	callstack 0
   172   00002E                     	ds	1
   173   00002F                     relay_turn_on@F2893:
   174                           	callstack 0
   175   00002F                     	ds	1
   176   000030                     relay_initialization@F2888:
   177                           	callstack 0
   178   000030                     	ds	1
   179   000031                     led_turn_toggle@F2910:
   180                           	callstack 0
   181   000031                     	ds	1
   182   000032                     led_turn_off@F2905:
   183                           	callstack 0
   184   000032                     	ds	1
   185   000033                     led_turn_on@F2900:
   186                           	callstack 0
   187   000033                     	ds	1
   188   000034                     led_initialize@F2895:
   189                           	callstack 0
   190   000034                     	ds	1
   191                           
   192                           	psect	dataCOMRAM
   193   000001                     __pdataCOMRAM:
   194                           	callstack 0
   195   000001                     _port_registers:
   196                           	callstack 0
   197   000001                     	ds	10
   198   00000B                     _lat_registers:
   199                           	callstack 0
   200   00000B                     	ds	10
   201   000015                     _tris_registers:
   202                           	callstack 0
   203   000015                     	ds	10
   204   00001F                     _relay:
   205                           	callstack 0
   206   00001F                     	ds	1
   207                           
   208                           	psect	cstackCOMRAM
   209   000020                     __pcstackCOMRAM:
   210                           	callstack 0
   211   000020                     gpio_pin_direction_intialize@_pin_config:
   212                           	callstack 0
   213   000020                     gpio_pin_write_logic@_pin_config:
   214                           	callstack 0
   215                           
   216                           ; 1 bytes @ 0x0
   217   000020                     	ds	1
   218   000021                     ??_gpio_pin_direction_intialize:
   219   000021                     gpio_pin_write_logic@logic:
   220                           	callstack 0
   221                           
   222                           ; 1 bytes @ 0x1
   223   000021                     	ds	1
   224   000022                     ??_gpio_pin_write_logic:
   225                           
   226                           ; 1 bytes @ 0x2
   227   000022                     	ds	4
   228   000026                     gpio_pin_direction_intialize@ret:
   229                           	callstack 0
   230                           
   231                           ; 1 bytes @ 0x6
   232   000026                     	ds	1
   233   000027                     gpio_pin_initialize@_pin_config:
   234                           	callstack 0
   235   000027                     relay_turn_on@relay:
   236                           	callstack 0
   237   000027                     relay_turn_off@relay:
   238                           	callstack 0
   239                           
   240                           ; 1 bytes @ 0x7
   241   000027                     	ds	1
   242   000028                     ??_relay_turn_on:
   243   000028                     ??_relay_turn_off:
   244   000028                     relay_initialization@relay:
   245                           	callstack 0
   246                           
   247                           ; 1 bytes @ 0x8
   248   000028                     	ds	1
   249   000029                     ??_relay_initialization:
   250   000029                     relay_turn_on@pin_obj:
   251                           	callstack 0
   252   000029                     relay_turn_off@pin_obj:
   253                           	callstack 0
   254                           
   255                           ; 1 bytes @ 0x9
   256   000029                     	ds	1
   257   00002A                     relay_initialization@ret:
   258                           	callstack 0
   259                           
   260                           ; 1 bytes @ 0xA
   261   00002A                     	ds	1
   262   00002B                     relay_initialization@pin_obj:
   263                           	callstack 0
   264                           
   265                           ; 1 bytes @ 0xB
   266   00002B                     	ds	1
   267   00002C                     ??_main:
   268                           
   269                           ; 1 bytes @ 0xC
   270   00002C                     	ds	2
   271                           
   272 ;;
   273 ;;Main: autosize = 0, tempsize = 2, incstack = 0, save=0
   274 ;;
   275 ;; *************** function _main *****************
   276 ;; Defined at:
   277 ;;		line 13 in file "application.c"
   278 ;; Parameters:    Size  Location     Type
   279 ;;		None
   280 ;; Auto vars:     Size  Location     Type
   281 ;;		None
   282 ;; Return value:  Size  Location     Type
   283 ;;                  2  185[None  ] int 
   284 ;; Registers used:
   285 ;;		wreg, fsr2l, fsr2h, status,2, status,0, prodl, prodh, cstack
   286 ;; Tracked objects:
   287 ;;		On entry : 0/0
   288 ;;		On exit  : 0/0
   289 ;;		Unchanged: 0/0
   290 ;; Data sizes:     COMRAM   BANK0   BANK1   BANK2   BANK3   BANK4   BANK5   BANK6   BANK7   BANK8   BANK9  BANK10  BANK1
      +1  BANK12  BANK13  BANK14  BANK15
   291 ;;      Params:         0       0       0       0       0       0       0       0       0       0       0       0       
      +0       0       0       0       0
   292 ;;      Locals:         0       0       0       0       0       0       0       0       0       0       0       0       
      +0       0       0       0       0
   293 ;;      Temps:          2       0       0       0       0       0       0       0       0       0       0       0       
      +0       0       0       0       0
   294 ;;      Totals:         2       0       0       0       0       0       0       0       0       0       0       0       
      +0       0       0       0       0
   295 ;;Total ram usage:        2 bytes
   296 ;; Hardware stack levels required when called: 4
   297 ;; This function calls:
   298 ;;		_application_initialize
   299 ;;		_relay_turn_off
   300 ;;		_relay_turn_on
   301 ;; This function is called by:
   302 ;;		Startup code after reset
   303 ;; This function uses a non-reentrant model
   304 ;;
   305                           
   306                           	psect	text0
   307   00133E                     __ptext0:
   308                           	callstack 0
   309   00133E                     _main:
   310                           	callstack 27
   311   00133E                     
   312                           ;application.c: 14:     application_initialize();
   313   00133E  EC08  F00A         	call	_application_initialize	;wreg free
   314   001342                     l186:
   315                           
   316                           ;application.c: 16:         relay_turn_on(&relay);
   317   001342  0E1F               	movlw	low _relay
   318   001344  6E27               	movwf	relay_turn_on@relay^0,c
   319   001346  EC35  F009         	call	_relay_turn_on	;wreg free
   320   00134A                     
   321                           ;application.c: 17:         _delay((unsigned long)((5000)*(8000000UL/4000.0)));
   322   00134A  0E33               	movlw	51
   323   00134C  6E2D               	movwf	(??_main+1)^0,c
   324   00134E  0EBB               	movlw	187
   325   001350  6E2C               	movwf	??_main^0,c
   326   001352  0EE0               	movlw	224
   327   001354                     u677:
   328   001354  2EE8               	decfsz	wreg,f,c
   329   001356  D7FE               	bra	u677
   330   001358  2E2C               	decfsz	??_main^0,f,c
   331   00135A  D7FC               	bra	u677
   332   00135C  2E2D               	decfsz	(??_main+1)^0,f,c
   333   00135E  D7FA               	bra	u677
   334   001360                     
   335                           ;application.c: 18:         relay_turn_off(&relay);
   336   001360  0E1F               	movlw	low _relay
   337   001362  6E27               	movwf	relay_turn_off@relay^0,c
   338   001364  EC6A  F009         	call	_relay_turn_off	;wreg free
   339                           
   340                           ;application.c: 19:         _delay((unsigned long)((5000)*(8000000UL/4000.0)));
   341   001368  0E33               	movlw	51
   342   00136A  6E2D               	movwf	(??_main+1)^0,c
   343   00136C  0EBB               	movlw	187
   344   00136E  6E2C               	movwf	??_main^0,c
   345   001370  0EE0               	movlw	224
   346   001372                     u687:
   347   001372  2EE8               	decfsz	wreg,f,c
   348   001374  D7FE               	bra	u687
   349   001376  2E2C               	decfsz	??_main^0,f,c
   350   001378  D7FC               	bra	u687
   351   00137A  2E2D               	decfsz	(??_main+1)^0,f,c
   352   00137C  D7FA               	bra	u687
   353   00137E  EFA1  F009         	goto	l186
   354   001382  EF00  F000         	goto	start
   355   001386                     __end_of_main:
   356                           	callstack 0
   357                           
   358 ;; *************** function _relay_turn_on *****************
   359 ;; Defined at:
   360 ;;		line 20 in file "ECU_Layer/Relay/ecu_relay.c"
   361 ;; Parameters:    Size  Location     Type
   362 ;;  relay           1    7[COMRAM] PTR const struct .
   363 ;;		 -> relay(1), 
   364 ;; Auto vars:     Size  Location     Type
   365 ;;  pin_obj         1    9[COMRAM] struct .
   366 ;;  ret             1    0        unsigned char 
   367 ;; Return value:  Size  Location     Type
   368 ;;                  1    wreg      unsigned char 
   369 ;; Registers used:
   370 ;;		wreg, fsr2l, fsr2h, status,2, status,0, prodl, prodh, cstack
   371 ;; Tracked objects:
   372 ;;		On entry : 0/0
   373 ;;		On exit  : 0/0
   374 ;;		Unchanged: 0/0
   375 ;; Data sizes:     COMRAM   BANK0   BANK1   BANK2   BANK3   BANK4   BANK5   BANK6   BANK7   BANK8   BANK9  BANK10  BANK1
      +1  BANK12  BANK13  BANK14  BANK15
   376 ;;      Params:         1       0       0       0       0       0       0       0       0       0       0       0       
      +0       0       0       0       0
   377 ;;      Locals:         1       0       0       0       0       0       0       0       0       0       0       0       
      +0       0       0       0       0
   378 ;;      Temps:          1       0       0       0       0       0       0       0       0       0       0       0       
      +0       0       0       0       0
   379 ;;      Totals:         3       0       0       0       0       0       0       0       0       0       0       0       
      +0       0       0       0       0
   380 ;;Total ram usage:        3 bytes
   381 ;; Hardware stack levels used: 1
   382 ;; Hardware stack levels required when called: 1
   383 ;; This function calls:
   384 ;;		_gpio_pin_write_logic
   385 ;; This function is called by:
   386 ;;		_main
   387 ;; This function uses a non-reentrant model
   388 ;;
   389                           
   390                           	psect	text1
   391   00126A                     __ptext1:
   392                           	callstack 0
   393   00126A                     _relay_turn_on:
   394                           	callstack 29
   395   00126A                     
   396                           ;ECU_Layer/Relay/ecu_relay.c: 22:     if(relay == ((void*)0)){
   397   00126A  5027               	movf	relay_turn_on@relay^0,w,c
   398   00126C  A4D8               	btfss	status,2,c
   399   00126E  EF3B  F009         	goto	u561
   400   001272  EF3D  F009         	goto	u560
   401   001276                     u561:
   402   001276  EF3F  F009         	goto	l206
   403   00127A                     u560:
   404   00127A                     
   405                           ;ECU_Layer/Relay/ecu_relay.c: 24:     }
   406   00127A  EF69  F009         	goto	l210
   407   00127E                     l206:
   408                           
   409                           ;ECU_Layer/Relay/ecu_relay.c: 26:         pin_config_t pin_obj = {.port = relay->port, .
      +                          pin = relay->pin,
   410   00127E  C02F  F029         	movff	relay_turn_on@F2893,relay_turn_on@pin_obj
   411   001282  5027               	movf	relay_turn_on@relay^0,w,c
   412   001284  6ED9               	movwf	fsr2l,c
   413   001286  6ADA               	clrf	fsr2h,c
   414   001288  38DF               	swapf	223,w,c
   415   00128A  0B07               	andlw	7
   416   00128C  6E28               	movwf	??_relay_turn_on^0,c
   417   00128E  5029               	movf	relay_turn_on@pin_obj^0,w,c
   418   001290  1828               	xorwf	??_relay_turn_on^0,w,c
   419   001292  0BF8               	andlw	-8
   420   001294  1828               	xorwf	??_relay_turn_on^0,w,c
   421   001296  6E29               	movwf	relay_turn_on@pin_obj^0,c
   422   001298  5027               	movf	relay_turn_on@relay^0,w,c
   423   00129A  6ED9               	movwf	fsr2l,c
   424   00129C  6ADA               	clrf	fsr2h,c
   425   00129E  50DF               	movf	223,w,c
   426   0012A0  0B0F               	andlw	15
   427   0012A2  6E28               	movwf	??_relay_turn_on^0,c
   428   0012A4  4628               	rlncf	??_relay_turn_on^0,f,c
   429   0012A6  4628               	rlncf	??_relay_turn_on^0,f,c
   430   0012A8  4628               	rlncf	??_relay_turn_on^0,f,c
   431   0012AA  5029               	movf	relay_turn_on@pin_obj^0,w,c
   432   0012AC  1828               	xorwf	??_relay_turn_on^0,w,c
   433   0012AE  0BC7               	andlw	-57
   434   0012B0  1828               	xorwf	??_relay_turn_on^0,w,c
   435   0012B2  6E29               	movwf	relay_turn_on@pin_obj^0,c
   436   0012B4  9C29               	bcf	relay_turn_on@pin_obj^0,6,c
   437   0012B6  5027               	movf	relay_turn_on@relay^0,w,c
   438   0012B8  6ED9               	movwf	fsr2l,c
   439   0012BA  6ADA               	clrf	fsr2h,c
   440   0012BC  AEDF               	btfss	indf2,7,c
   441   0012BE  D002               	bra	u575
   442   0012C0  8E29               	bsf	relay_turn_on@pin_obj^0,7,c
   443   0012C2  D001               	bra	u577
   444   0012C4                     u575:
   445   0012C4  9E29               	bcf	relay_turn_on@pin_obj^0,7,c
   446   0012C6                     u577:
   447   0012C6                     
   448                           ;ECU_Layer/Relay/ecu_relay.c: 28:         gpio_pin_write_logic(&pin_obj,GPIO_HIGH);
   449   0012C6  0E29               	movlw	low relay_turn_on@pin_obj
   450   0012C8  6E20               	movwf	gpio_pin_write_logic@_pin_config^0,c
   451   0012CA  0E01               	movlw	1
   452   0012CC  6E21               	movwf	gpio_pin_write_logic@logic^0,c
   453   0012CE  EC8A  F008         	call	_gpio_pin_write_logic	;wreg free
   454   0012D2                     l210:
   455   0012D2  0012               	return		;funcret
   456   0012D4                     __end_of_relay_turn_on:
   457                           	callstack 0
   458                           
   459 ;; *************** function _relay_turn_off *****************
   460 ;; Defined at:
   461 ;;		line 32 in file "ECU_Layer/Relay/ecu_relay.c"
   462 ;; Parameters:    Size  Location     Type
   463 ;;  relay           1    7[COMRAM] PTR const struct .
   464 ;;		 -> relay(1), 
   465 ;; Auto vars:     Size  Location     Type
   466 ;;  pin_obj         1    9[COMRAM] struct .
   467 ;;  ret             1    0        unsigned char 
   468 ;; Return value:  Size  Location     Type
   469 ;;                  1    wreg      unsigned char 
   470 ;; Registers used:
   471 ;;		wreg, fsr2l, fsr2h, status,2, status,0, prodl, prodh, cstack
   472 ;; Tracked objects:
   473 ;;		On entry : 0/0
   474 ;;		On exit  : 0/0
   475 ;;		Unchanged: 0/0
   476 ;; Data sizes:     COMRAM   BANK0   BANK1   BANK2   BANK3   BANK4   BANK5   BANK6   BANK7   BANK8   BANK9  BANK10  BANK1
      +1  BANK12  BANK13  BANK14  BANK15
   477 ;;      Params:         1       0       0       0       0       0       0       0       0       0       0       0       
      +0       0       0       0       0
   478 ;;      Locals:         1       0       0       0       0       0       0       0       0       0       0       0       
      +0       0       0       0       0
   479 ;;      Temps:          1       0       0       0       0       0       0       0       0       0       0       0       
      +0       0       0       0       0
   480 ;;      Totals:         3       0       0       0       0       0       0       0       0       0       0       0       
      +0       0       0       0       0
   481 ;;Total ram usage:        3 bytes
   482 ;; Hardware stack levels used: 1
   483 ;; Hardware stack levels required when called: 1
   484 ;; This function calls:
   485 ;;		_gpio_pin_write_logic
   486 ;; This function is called by:
   487 ;;		_main
   488 ;; This function uses a non-reentrant model
   489 ;;
   490                           
   491                           	psect	text2
   492   0012D4                     __ptext2:
   493                           	callstack 0
   494   0012D4                     _relay_turn_off:
   495                           	callstack 29
   496   0012D4                     
   497                           ;ECU_Layer/Relay/ecu_relay.c: 34:     if(relay == ((void*)0)){
   498   0012D4  5027               	movf	relay_turn_off@relay^0,w,c
   499   0012D6  A4D8               	btfss	status,2,c
   500   0012D8  EF70  F009         	goto	u581
   501   0012DC  EF72  F009         	goto	u580
   502   0012E0                     u581:
   503   0012E0  EF74  F009         	goto	l213
   504   0012E4                     u580:
   505   0012E4                     
   506                           ;ECU_Layer/Relay/ecu_relay.c: 36:     }
   507   0012E4  EF9E  F009         	goto	l217
   508   0012E8                     l213:
   509                           
   510                           ;ECU_Layer/Relay/ecu_relay.c: 38:         pin_config_t pin_obj = {.port = relay->port, .
      +                          pin = relay->pin,
   511   0012E8  C02E  F029         	movff	relay_turn_off@F2898,relay_turn_off@pin_obj
   512   0012EC  5027               	movf	relay_turn_off@relay^0,w,c
   513   0012EE  6ED9               	movwf	fsr2l,c
   514   0012F0  6ADA               	clrf	fsr2h,c
   515   0012F2  38DF               	swapf	223,w,c
   516   0012F4  0B07               	andlw	7
   517   0012F6  6E28               	movwf	??_relay_turn_off^0,c
   518   0012F8  5029               	movf	relay_turn_off@pin_obj^0,w,c
   519   0012FA  1828               	xorwf	??_relay_turn_off^0,w,c
   520   0012FC  0BF8               	andlw	-8
   521   0012FE  1828               	xorwf	??_relay_turn_off^0,w,c
   522   001300  6E29               	movwf	relay_turn_off@pin_obj^0,c
   523   001302  5027               	movf	relay_turn_off@relay^0,w,c
   524   001304  6ED9               	movwf	fsr2l,c
   525   001306  6ADA               	clrf	fsr2h,c
   526   001308  50DF               	movf	223,w,c
   527   00130A  0B0F               	andlw	15
   528   00130C  6E28               	movwf	??_relay_turn_off^0,c
   529   00130E  4628               	rlncf	??_relay_turn_off^0,f,c
   530   001310  4628               	rlncf	??_relay_turn_off^0,f,c
   531   001312  4628               	rlncf	??_relay_turn_off^0,f,c
   532   001314  5029               	movf	relay_turn_off@pin_obj^0,w,c
   533   001316  1828               	xorwf	??_relay_turn_off^0,w,c
   534   001318  0BC7               	andlw	-57
   535   00131A  1828               	xorwf	??_relay_turn_off^0,w,c
   536   00131C  6E29               	movwf	relay_turn_off@pin_obj^0,c
   537   00131E  9C29               	bcf	relay_turn_off@pin_obj^0,6,c
   538   001320  5027               	movf	relay_turn_off@relay^0,w,c
   539   001322  6ED9               	movwf	fsr2l,c
   540   001324  6ADA               	clrf	fsr2h,c
   541   001326  AEDF               	btfss	indf2,7,c
   542   001328  D002               	bra	u595
   543   00132A  8E29               	bsf	relay_turn_off@pin_obj^0,7,c
   544   00132C  D001               	bra	u597
   545   00132E                     u595:
   546   00132E  9E29               	bcf	relay_turn_off@pin_obj^0,7,c
   547   001330                     u597:
   548   001330                     
   549                           ;ECU_Layer/Relay/ecu_relay.c: 40:         gpio_pin_write_logic(&pin_obj,GPIO_LOW);
   550   001330  0E29               	movlw	low relay_turn_off@pin_obj
   551   001332  6E20               	movwf	gpio_pin_write_logic@_pin_config^0,c
   552   001334  0E00               	movlw	0
   553   001336  6E21               	movwf	gpio_pin_write_logic@logic^0,c
   554   001338  EC8A  F008         	call	_gpio_pin_write_logic	;wreg free
   555   00133C                     l217:
   556   00133C  0012               	return		;funcret
   557   00133E                     __end_of_relay_turn_off:
   558                           	callstack 0
   559                           
   560 ;; *************** function _application_initialize *****************
   561 ;; Defined at:
   562 ;;		line 23 in file "application.c"
   563 ;; Parameters:    Size  Location     Type
   564 ;;		None
   565 ;; Auto vars:     Size  Location     Type
   566 ;;		None
   567 ;; Return value:  Size  Location     Type
   568 ;;                  1    wreg      void 
   569 ;; Registers used:
   570 ;;		wreg, fsr2l, fsr2h, status,2, status,0, prodl, prodh, cstack
   571 ;; Tracked objects:
   572 ;;		On entry : 0/0
   573 ;;		On exit  : 0/0
   574 ;;		Unchanged: 0/0
   575 ;; Data sizes:     COMRAM   BANK0   BANK1   BANK2   BANK3   BANK4   BANK5   BANK6   BANK7   BANK8   BANK9  BANK10  BANK1
      +1  BANK12  BANK13  BANK14  BANK15
   576 ;;      Params:         0       0       0       0       0       0       0       0       0       0       0       0       
      +0       0       0       0       0
   577 ;;      Locals:         0       0       0       0       0       0       0       0       0       0       0       0       
      +0       0       0       0       0
   578 ;;      Temps:          0       0       0       0       0       0       0       0       0       0       0       0       
      +0       0       0       0       0
   579 ;;      Totals:         0       0       0       0       0       0       0       0       0       0       0       0       
      +0       0       0       0       0
   580 ;;Total ram usage:        0 bytes
   581 ;; Hardware stack levels used: 1
   582 ;; Hardware stack levels required when called: 3
   583 ;; This function calls:
   584 ;;		_relay_initialization
   585 ;; This function is called by:
   586 ;;		_main
   587 ;; This function uses a non-reentrant model
   588 ;;
   589                           
   590                           	psect	text3
   591   001410                     __ptext3:
   592                           	callstack 0
   593   001410                     _application_initialize:
   594                           	callstack 27
   595   001410                     
   596                           ;application.c: 24:     ret = relay_initialization(&relay);
   597   001410  0E1F               	movlw	low _relay
   598   001412  6E28               	movwf	relay_initialization@relay^0,c
   599   001414  ECFD  F008         	call	_relay_initialization	;wreg free
   600   001418  6E35               	movwf	_ret^0,c
   601   00141A  0012               	return		;funcret
   602   00141C                     __end_of_application_initialize:
   603                           	callstack 0
   604                           
   605 ;; *************** function _relay_initialization *****************
   606 ;; Defined at:
   607 ;;		line 8 in file "ECU_Layer/Relay/ecu_relay.c"
   608 ;; Parameters:    Size  Location     Type
   609 ;;  relay           1    8[COMRAM] PTR const struct .
   610 ;;		 -> relay(1), 
   611 ;; Auto vars:     Size  Location     Type
   612 ;;  pin_obj         1   11[COMRAM] struct .
   613 ;;  ret             1   10[COMRAM] unsigned char 
   614 ;; Return value:  Size  Location     Type
   615 ;;                  1    wreg      unsigned char 
   616 ;; Registers used:
   617 ;;		wreg, fsr2l, fsr2h, status,2, status,0, prodl, prodh, cstack
   618 ;; Tracked objects:
   619 ;;		On entry : 0/0
   620 ;;		On exit  : 0/0
   621 ;;		Unchanged: 0/0
   622 ;; Data sizes:     COMRAM   BANK0   BANK1   BANK2   BANK3   BANK4   BANK5   BANK6   BANK7   BANK8   BANK9  BANK10  BANK1
      +1  BANK12  BANK13  BANK14  BANK15
   623 ;;      Params:         1       0       0       0       0       0       0       0       0       0       0       0       
      +0       0       0       0       0
   624 ;;      Locals:         2       0       0       0       0       0       0       0       0       0       0       0       
      +0       0       0       0       0
   625 ;;      Temps:          1       0       0       0       0       0       0       0       0       0       0       0       
      +0       0       0       0       0
   626 ;;      Totals:         4       0       0       0       0       0       0       0       0       0       0       0       
      +0       0       0       0       0
   627 ;;Total ram usage:        4 bytes
   628 ;; Hardware stack levels used: 1
   629 ;; Hardware stack levels required when called: 2
   630 ;; This function calls:
   631 ;;		_gpio_pin_initialize
   632 ;; This function is called by:
   633 ;;		_application_initialize
   634 ;; This function uses a non-reentrant model
   635 ;;
   636                           
   637                           	psect	text4
   638   0011FA                     __ptext4:
   639                           	callstack 0
   640   0011FA                     _relay_initialization:
   641                           	callstack 27
   642   0011FA                     
   643                           ;ECU_Layer/Relay/ecu_relay.c: 9:     std_ReturnType ret = (std_ReturnType)0x01;
   644   0011FA  0E01               	movlw	1
   645   0011FC  6E2A               	movwf	relay_initialization@ret^0,c
   646                           
   647                           ;ECU_Layer/Relay/ecu_relay.c: 10:     if(relay == ((void*)0)){
   648   0011FE  5028               	movf	relay_initialization@relay^0,w,c
   649   001200  A4D8               	btfss	status,2,c
   650   001202  EF05  F009         	goto	u541
   651   001206  EF07  F009         	goto	u540
   652   00120A                     u541:
   653   00120A  EF0B  F009         	goto	l199
   654   00120E                     u540:
   655   00120E                     
   656                           ;ECU_Layer/Relay/ecu_relay.c: 11:         ret = (std_ReturnType)0x00;
   657   00120E  0E00               	movlw	0
   658   001210  6E2A               	movwf	relay_initialization@ret^0,c
   659                           
   660                           ;ECU_Layer/Relay/ecu_relay.c: 12:     }
   661   001212  EF33  F009         	goto	l1233
   662   001216                     l199:
   663                           
   664                           ;ECU_Layer/Relay/ecu_relay.c: 14:         pin_config_t pin_obj = {.port = relay->port, .
      +                          pin = relay->pin,
   665   001216  C030  F02B         	movff	relay_initialization@F2888,relay_initialization@pin_obj
   666   00121A  5028               	movf	relay_initialization@relay^0,w,c
   667   00121C  6ED9               	movwf	fsr2l,c
   668   00121E  6ADA               	clrf	fsr2h,c
   669   001220  38DF               	swapf	223,w,c
   670   001222  0B07               	andlw	7
   671   001224  6E29               	movwf	??_relay_initialization^0,c
   672   001226  502B               	movf	relay_initialization@pin_obj^0,w,c
   673   001228  1829               	xorwf	??_relay_initialization^0,w,c
   674   00122A  0BF8               	andlw	-8
   675   00122C  1829               	xorwf	??_relay_initialization^0,w,c
   676   00122E  6E2B               	movwf	relay_initialization@pin_obj^0,c
   677   001230  5028               	movf	relay_initialization@relay^0,w,c
   678   001232  6ED9               	movwf	fsr2l,c
   679   001234  6ADA               	clrf	fsr2h,c
   680   001236  50DF               	movf	223,w,c
   681   001238  0B0F               	andlw	15
   682   00123A  6E29               	movwf	??_relay_initialization^0,c
   683   00123C  4629               	rlncf	??_relay_initialization^0,f,c
   684   00123E  4629               	rlncf	??_relay_initialization^0,f,c
   685   001240  4629               	rlncf	??_relay_initialization^0,f,c
   686   001242  502B               	movf	relay_initialization@pin_obj^0,w,c
   687   001244  1829               	xorwf	??_relay_initialization^0,w,c
   688   001246  0BC7               	andlw	-57
   689   001248  1829               	xorwf	??_relay_initialization^0,w,c
   690   00124A  6E2B               	movwf	relay_initialization@pin_obj^0,c
   691   00124C  9C2B               	bcf	relay_initialization@pin_obj^0,6,c
   692   00124E  5028               	movf	relay_initialization@relay^0,w,c
   693   001250  6ED9               	movwf	fsr2l,c
   694   001252  6ADA               	clrf	fsr2h,c
   695   001254  AEDF               	btfss	indf2,7,c
   696   001256  D002               	bra	u555
   697   001258  8E2B               	bsf	relay_initialization@pin_obj^0,7,c
   698   00125A  D001               	bra	u557
   699   00125C                     u555:
   700   00125C  9E2B               	bcf	relay_initialization@pin_obj^0,7,c
   701   00125E                     u557:
   702   00125E                     
   703                           ;ECU_Layer/Relay/ecu_relay.c: 16:         gpio_pin_initialize(&pin_obj);
   704   00125E  0E2B               	movlw	low relay_initialization@pin_obj
   705   001260  6E27               	movwf	gpio_pin_initialize@_pin_config^0,c
   706   001262  ECDE  F009         	call	_gpio_pin_initialize	;wreg free
   707   001266                     l1233:
   708                           
   709                           ;ECU_Layer/Relay/ecu_relay.c: 18:     return ret;
   710   001266  502A               	movf	relay_initialization@ret^0,w,c
   711   001268  0012               	return		;funcret
   712   00126A                     __end_of_relay_initialization:
   713                           	callstack 0
   714                           
   715 ;; *************** function _gpio_pin_initialize *****************
   716 ;; Defined at:
   717 ;;		line 134 in file "MCAL_Layer/GPIO/hal_gpio.c"
   718 ;; Parameters:    Size  Location     Type
   719 ;;  _pin_config     1    7[COMRAM] PTR const struct .
   720 ;;		 -> relay_initialization@pin_obj(1), led_initialize@pin_obj(1), 
   721 ;; Auto vars:     Size  Location     Type
   722 ;;  ret             1    0        unsigned char 
   723 ;; Return value:  Size  Location     Type
   724 ;;                  1    wreg      unsigned char 
   725 ;; Registers used:
   726 ;;		wreg, fsr2l, fsr2h, status,2, status,0, prodl, prodh, cstack
   727 ;; Tracked objects:
   728 ;;		On entry : 0/0
   729 ;;		On exit  : 0/0
   730 ;;		Unchanged: 0/0
   731 ;; Data sizes:     COMRAM   BANK0   BANK1   BANK2   BANK3   BANK4   BANK5   BANK6   BANK7   BANK8   BANK9  BANK10  BANK1
      +1  BANK12  BANK13  BANK14  BANK15
   732 ;;      Params:         1       0       0       0       0       0       0       0       0       0       0       0       
      +0       0       0       0       0
   733 ;;      Locals:         0       0       0       0       0       0       0       0       0       0       0       0       
      +0       0       0       0       0
   734 ;;      Temps:          0       0       0       0       0       0       0       0       0       0       0       0       
      +0       0       0       0       0
   735 ;;      Totals:         1       0       0       0       0       0       0       0       0       0       0       0       
      +0       0       0       0       0
   736 ;;Total ram usage:        1 bytes
   737 ;; Hardware stack levels used: 1
   738 ;; Hardware stack levels required when called: 1
   739 ;; This function calls:
   740 ;;		_gpio_pin_direction_intialize
   741 ;;		_gpio_pin_write_logic
   742 ;; This function is called by:
   743 ;;		_relay_initialization
   744 ;;		_led_initialize
   745 ;; This function uses a non-reentrant model
   746 ;;
   747                           
   748                           	psect	text5
   749   0013BC                     __ptext5:
   750                           	callstack 0
   751   0013BC                     _gpio_pin_initialize:
   752                           	callstack 27
   753   0013BC                     
   754                           ;MCAL_Layer/GPIO/hal_gpio.c: 136:     if(((void*)0) == _pin_config ){
   755   0013BC  5027               	movf	gpio_pin_initialize@_pin_config^0,w,c
   756   0013BE  A4D8               	btfss	status,2,c
   757   0013C0  EFE4  F009         	goto	u531
   758   0013C4  EFE6  F009         	goto	u530
   759   0013C8                     u531:
   760   0013C8  EFE8  F009         	goto	l1217
   761   0013CC                     u530:
   762   0013CC                     
   763                           ;MCAL_Layer/GPIO/hal_gpio.c: 138:     }
   764   0013CC  EFF7  F009         	goto	l138
   765   0013D0                     l1217:
   766                           
   767                           ;MCAL_Layer/GPIO/hal_gpio.c: 140:         gpio_pin_direction_intialize(_pin_config);
   768   0013D0  C027  F020         	movff	gpio_pin_initialize@_pin_config,gpio_pin_direction_intialize@_pin_config
   769   0013D4  EC01  F008         	call	_gpio_pin_direction_intialize	;wreg free
   770                           
   771                           ;MCAL_Layer/GPIO/hal_gpio.c: 141:         gpio_pin_write_logic(_pin_config,_pin_config->
      +                          logic);
   772   0013D8  C027  F020         	movff	gpio_pin_initialize@_pin_config,gpio_pin_write_logic@_pin_config
   773   0013DC  5027               	movf	gpio_pin_initialize@_pin_config^0,w,c
   774   0013DE  6ED9               	movwf	fsr2l,c
   775   0013E0  6ADA               	clrf	fsr2h,c
   776   0013E2  0E00               	movlw	0
   777   0013E4  BEDF               	btfsc	indf2,7,c
   778   0013E6  0E01               	movlw	1
   779   0013E8  6E21               	movwf	gpio_pin_write_logic@logic^0,c
   780   0013EA  EC8A  F008         	call	_gpio_pin_write_logic	;wreg free
   781   0013EE                     l138:
   782   0013EE  0012               	return		;funcret
   783   0013F0                     __end_of_gpio_pin_initialize:
   784                           	callstack 0
   785                           
   786 ;; *************** function _gpio_pin_write_logic *****************
   787 ;; Defined at:
   788 ;;		line 68 in file "MCAL_Layer/GPIO/hal_gpio.c"
   789 ;; Parameters:    Size  Location     Type
   790 ;;  _pin_config     1    0[COMRAM] PTR const struct .
   791 ;;		 -> relay_turn_off@pin_obj(1), relay_turn_on@pin_obj(1), relay_initialization@pin_obj(1), led_turn_off@pin_obj(1), 
   792 ;;		 -> led_turn_on@pin_obj(1), led_initialize@pin_obj(1), 
   793 ;;  logic           1    1[COMRAM] enum E2814
   794 ;; Auto vars:     Size  Location     Type
   795 ;;  ret             1    0        unsigned char 
   796 ;; Return value:  Size  Location     Type
   797 ;;                  1    wreg      unsigned char 
   798 ;; Registers used:
   799 ;;		wreg, fsr2l, fsr2h, status,2, status,0, prodl, prodh
   800 ;; Tracked objects:
   801 ;;		On entry : 0/0
   802 ;;		On exit  : 0/0
   803 ;;		Unchanged: 0/0
   804 ;; Data sizes:     COMRAM   BANK0   BANK1   BANK2   BANK3   BANK4   BANK5   BANK6   BANK7   BANK8   BANK9  BANK10  BANK1
      +1  BANK12  BANK13  BANK14  BANK15
   805 ;;      Params:         2       0       0       0       0       0       0       0       0       0       0       0       
      +0       0       0       0       0
   806 ;;      Locals:         0       0       0       0       0       0       0       0       0       0       0       0       
      +0       0       0       0       0
   807 ;;      Temps:          5       0       0       0       0       0       0       0       0       0       0       0       
      +0       0       0       0       0
   808 ;;      Totals:         7       0       0       0       0       0       0       0       0       0       0       0       
      +0       0       0       0       0
   809 ;;Total ram usage:        7 bytes
   810 ;; Hardware stack levels used: 1
   811 ;; This function calls:
   812 ;;		Nothing
   813 ;; This function is called by:
   814 ;;		_gpio_pin_initialize
   815 ;;		_relay_turn_on
   816 ;;		_relay_turn_off
   817 ;;		_led_turn_on
   818 ;;		_led_turn_off
   819 ;; This function uses a non-reentrant model
   820 ;;
   821                           
   822                           	psect	text6
   823   001114                     __ptext6:
   824                           	callstack 0
   825   001114                     _gpio_pin_write_logic:
   826                           	callstack 29
   827   001114                     
   828                           ;MCAL_Layer/GPIO/hal_gpio.c: 70:     if(((void*)0) == _pin_config){
   829   001114  5020               	movf	gpio_pin_write_logic@_pin_config^0,w,c
   830   001116  A4D8               	btfss	status,2,c
   831   001118  EF90  F008         	goto	u501
   832   00111C  EF92  F008         	goto	u500
   833   001120                     u501:
   834   001120  EFE7  F008         	goto	l1207
   835   001124                     u500:
   836   001124                     
   837                           ;MCAL_Layer/GPIO/hal_gpio.c: 72:     }
   838   001124  EFFC  F008         	goto	l121
   839   001128                     l1201:
   840                           
   841                           ;MCAL_Layer/GPIO/hal_gpio.c: 76:                 (*lat_registers[_pin_config->port] &= ~
      +                          ((uint8)1<<_pin_config->pin));
   842   001128  5020               	movf	gpio_pin_write_logic@_pin_config^0,w,c
   843   00112A  6ED9               	movwf	fsr2l,c
   844   00112C  6ADA               	clrf	fsr2h,c
   845   00112E  30DF               	rrcf	223,w,c
   846   001130  32E8               	rrcf	wreg,f,c
   847   001132  32E8               	rrcf	wreg,f,c
   848   001134  0B07               	andlw	7
   849   001136  6E22               	movwf	??_gpio_pin_write_logic^0,c
   850   001138  0E01               	movlw	1
   851   00113A  6E23               	movwf	(??_gpio_pin_write_logic+1)^0,c
   852   00113C  2A22               	incf	??_gpio_pin_write_logic^0,f,c
   853   00113E  EFA3  F008         	goto	u514
   854   001142                     u515:
   855   001142  90D8               	bcf	status,0,c
   856   001144  3623               	rlcf	(??_gpio_pin_write_logic+1)^0,f,c
   857   001146                     u514:
   858   001146  2E22               	decfsz	??_gpio_pin_write_logic^0,f,c
   859   001148  EFA1  F008         	goto	u515
   860   00114C  5023               	movf	(??_gpio_pin_write_logic+1)^0,w,c
   861   00114E  0AFF               	xorlw	255
   862   001150  6E24               	movwf	(??_gpio_pin_write_logic+2)^0,c
   863   001152  5020               	movf	gpio_pin_write_logic@_pin_config^0,w,c
   864   001154  6ED9               	movwf	fsr2l,c
   865   001156  6ADA               	clrf	fsr2h,c
   866   001158  50DF               	movf	223,w,c
   867   00115A  0B07               	andlw	7
   868   00115C  0D02               	mullw	2
   869   00115E  50F3               	movf	243,w,c
   870   001160  0F0B               	addlw	low _lat_registers
   871   001162  6ED9               	movwf	fsr2l,c
   872   001164  6ADA               	clrf	fsr2h,c
   873   001166  CFDE F025          	movff	postinc2,??_gpio_pin_write_logic+3
   874   00116A  CFDD F026          	movff	postdec2,??_gpio_pin_write_logic+4
   875   00116E  C025  FFD9         	movff	??_gpio_pin_write_logic+3,fsr2l
   876   001172  C026  FFDA         	movff	??_gpio_pin_write_logic+4,fsr2h
   877   001176  5024               	movf	(??_gpio_pin_write_logic+2)^0,w,c
   878   001178  16DF               	andwf	indf2,f,c
   879                           
   880                           ;MCAL_Layer/GPIO/hal_gpio.c: 77:                 break;
   881   00117A  EFFC  F008         	goto	l121
   882   00117E                     l1203:
   883                           
   884                           ;MCAL_Layer/GPIO/hal_gpio.c: 79:                 (*lat_registers[_pin_config->port] |= (
      +                          (uint8)1<<_pin_config->pin));
   885   00117E  5020               	movf	gpio_pin_write_logic@_pin_config^0,w,c
   886   001180  6ED9               	movwf	fsr2l,c
   887   001182  6ADA               	clrf	fsr2h,c
   888   001184  30DF               	rrcf	223,w,c
   889   001186  32E8               	rrcf	wreg,f,c
   890   001188  32E8               	rrcf	wreg,f,c
   891   00118A  0B07               	andlw	7
   892   00118C  6E22               	movwf	??_gpio_pin_write_logic^0,c
   893   00118E  0E01               	movlw	1
   894   001190  6E23               	movwf	(??_gpio_pin_write_logic+1)^0,c
   895   001192  2A22               	incf	??_gpio_pin_write_logic^0,f,c
   896   001194  EFCE  F008         	goto	u524
   897   001198                     u525:
   898   001198  90D8               	bcf	status,0,c
   899   00119A  3623               	rlcf	(??_gpio_pin_write_logic+1)^0,f,c
   900   00119C                     u524:
   901   00119C  2E22               	decfsz	??_gpio_pin_write_logic^0,f,c
   902   00119E  EFCC  F008         	goto	u525
   903   0011A2  5020               	movf	gpio_pin_write_logic@_pin_config^0,w,c
   904   0011A4  6ED9               	movwf	fsr2l,c
   905   0011A6  6ADA               	clrf	fsr2h,c
   906   0011A8  50DF               	movf	223,w,c
   907   0011AA  0B07               	andlw	7
   908   0011AC  0D02               	mullw	2
   909   0011AE  50F3               	movf	243,w,c
   910   0011B0  0F0B               	addlw	low _lat_registers
   911   0011B2  6ED9               	movwf	fsr2l,c
   912   0011B4  6ADA               	clrf	fsr2h,c
   913   0011B6  CFDE F024          	movff	postinc2,??_gpio_pin_write_logic+2
   914   0011BA  CFDD F025          	movff	postdec2,??_gpio_pin_write_logic+3
   915   0011BE  C024  FFD9         	movff	??_gpio_pin_write_logic+2,fsr2l
   916   0011C2  C025  FFDA         	movff	??_gpio_pin_write_logic+3,fsr2h
   917   0011C6  5023               	movf	(??_gpio_pin_write_logic+1)^0,w,c
   918   0011C8  12DF               	iorwf	indf2,f,c
   919                           
   920                           ;MCAL_Layer/GPIO/hal_gpio.c: 80:                 break;
   921   0011CA  EFFC  F008         	goto	l121
   922   0011CE                     l1207:
   923   0011CE  5021               	movf	gpio_pin_write_logic@logic^0,w,c
   924   0011D0  6E22               	movwf	??_gpio_pin_write_logic^0,c
   925   0011D2  6A23               	clrf	(??_gpio_pin_write_logic+1)^0,c
   926                           
   927                           ; Switch on 2 bytes has been partitioned into a top level switch of size 1, and 1 sub-sw
      +                          itches
   928                           ; Switch size 1, requested type "simple"
   929                           ; Number of cases is 1, Range of values is 0 to 0
   930                           ; switch strategies available:
   931                           ; Name         Instructions Cycles
   932                           ; simple_byte            4     3 (average)
   933                           ;	Chosen strategy is simple_byte
   934   0011D4  5023               	movf	(??_gpio_pin_write_logic+1)^0,w,c
   935   0011D6  0A00               	xorlw	0	; case 0
   936   0011D8  B4D8               	btfsc	status,2,c
   937   0011DA  EFF1  F008         	goto	l1335
   938   0011DE  EFFC  F008         	goto	l121
   939   0011E2                     l1335:
   940                           
   941                           ; Switch size 1, requested type "simple"
   942                           ; Number of cases is 2, Range of values is 0 to 1
   943                           ; switch strategies available:
   944                           ; Name         Instructions Cycles
   945                           ; simple_byte            7     4 (average)
   946                           ;	Chosen strategy is simple_byte
   947   0011E2  5022               	movf	??_gpio_pin_write_logic^0,w,c
   948   0011E4  0A00               	xorlw	0	; case 0
   949   0011E6  B4D8               	btfsc	status,2,c
   950   0011E8  EF94  F008         	goto	l1201
   951   0011EC  0A01               	xorlw	1	; case 1
   952   0011EE  B4D8               	btfsc	status,2,c
   953   0011F0  EFBF  F008         	goto	l1203
   954   0011F4  EFFC  F008         	goto	l121
   955   0011F8                     l121:
   956   0011F8  0012               	return		;funcret
   957   0011FA                     __end_of_gpio_pin_write_logic:
   958                           	callstack 0
   959                           
   960 ;; *************** function _gpio_pin_direction_intialize *****************
   961 ;; Defined at:
   962 ;;		line 21 in file "MCAL_Layer/GPIO/hal_gpio.c"
   963 ;; Parameters:    Size  Location     Type
   964 ;;  _pin_config     1    0[COMRAM] PTR const struct .
   965 ;;		 -> relay_initialization@pin_obj(1), led_initialize@pin_obj(1), 
   966 ;; Auto vars:     Size  Location     Type
   967 ;;  ret             1    6[COMRAM] unsigned char 
   968 ;; Return value:  Size  Location     Type
   969 ;;                  1    wreg      unsigned char 
   970 ;; Registers used:
   971 ;;		wreg, fsr2l, fsr2h, status,2, status,0, prodl, prodh
   972 ;; Tracked objects:
   973 ;;		On entry : 0/0
   974 ;;		On exit  : 0/0
   975 ;;		Unchanged: 0/0
   976 ;; Data sizes:     COMRAM   BANK0   BANK1   BANK2   BANK3   BANK4   BANK5   BANK6   BANK7   BANK8   BANK9  BANK10  BANK1
      +1  BANK12  BANK13  BANK14  BANK15
   977 ;;      Params:         1       0       0       0       0       0       0       0       0       0       0       0       
      +0       0       0       0       0
   978 ;;      Locals:         1       0       0       0       0       0       0       0       0       0       0       0       
      +0       0       0       0       0
   979 ;;      Temps:          5       0       0       0       0       0       0       0       0       0       0       0       
      +0       0       0       0       0
   980 ;;      Totals:         7       0       0       0       0       0       0       0       0       0       0       0       
      +0       0       0       0       0
   981 ;;Total ram usage:        7 bytes
   982 ;; Hardware stack levels used: 1
   983 ;; This function calls:
   984 ;;		Nothing
   985 ;; This function is called by:
   986 ;;		_gpio_pin_initialize
   987 ;;		_button_initialize
   988 ;; This function uses a non-reentrant model
   989 ;;
   990                           
   991                           	psect	text7
   992   001002                     __ptext7:
   993                           	callstack 0
   994   001002                     _gpio_pin_direction_intialize:
   995                           	callstack 27
   996   001002                     
   997                           ;MCAL_Layer/GPIO/hal_gpio.c: 22:     std_ReturnType ret = (std_ReturnType)0x01;
   998   001002  0E01               	movlw	1
   999   001004  6E26               	movwf	gpio_pin_direction_intialize@ret^0,c
  1000                           
  1001                           ;MCAL_Layer/GPIO/hal_gpio.c: 23:     if(((void*)0) == _pin_config || _pin_config->pin > 
      +                          8 - 1){
  1002   001006  5020               	movf	gpio_pin_direction_intialize@_pin_config^0,w,c
  1003   001008  B4D8               	btfsc	status,2,c
  1004   00100A  EF09  F008         	goto	u451
  1005   00100E  EF0B  F008         	goto	u450
  1006   001012                     u451:
  1007   001012  EF1B  F008         	goto	l1183
  1008   001016                     u450:
  1009   001016  5020               	movf	gpio_pin_direction_intialize@_pin_config^0,w,c
  1010   001018  6ED9               	movwf	fsr2l,c
  1011   00101A  6ADA               	clrf	fsr2h,c
  1012   00101C  30DF               	rrcf	223,w,c
  1013   00101E  32E8               	rrcf	wreg,f,c
  1014   001020  32E8               	rrcf	wreg,f,c
  1015   001022  0B07               	andlw	7
  1016   001024  6E21               	movwf	??_gpio_pin_direction_intialize^0,c
  1017   001026  0E07               	movlw	7
  1018   001028  6421               	cpfsgt	??_gpio_pin_direction_intialize^0,c
  1019   00102A  EF19  F008         	goto	u461
  1020   00102E  EF1B  F008         	goto	u460
  1021   001032                     u461:
  1022   001032  EF72  F008         	goto	l1191
  1023   001036                     u460:
  1024   001036                     l1183:
  1025                           
  1026                           ;MCAL_Layer/GPIO/hal_gpio.c: 24:         ret = (std_ReturnType)0x00;
  1027   001036  0E00               	movlw	0
  1028   001038  6E26               	movwf	gpio_pin_direction_intialize@ret^0,c
  1029                           
  1030                           ;MCAL_Layer/GPIO/hal_gpio.c: 25:     }
  1031   00103A  EF88  F008         	goto	l1193
  1032   00103E                     l1185:
  1033                           
  1034                           ;MCAL_Layer/GPIO/hal_gpio.c: 30:             (*tris_registers[_pin_config->port] &= ~((u
      +                          int8)1<<_pin_config->pin));
  1035   00103E  5020               	movf	gpio_pin_direction_intialize@_pin_config^0,w,c
  1036   001040  6ED9               	movwf	fsr2l,c
  1037   001042  6ADA               	clrf	fsr2h,c
  1038   001044  30DF               	rrcf	223,w,c
  1039   001046  32E8               	rrcf	wreg,f,c
  1040   001048  32E8               	rrcf	wreg,f,c
  1041   00104A  0B07               	andlw	7
  1042   00104C  6E21               	movwf	??_gpio_pin_direction_intialize^0,c
  1043   00104E  0E01               	movlw	1
  1044   001050  6E22               	movwf	(??_gpio_pin_direction_intialize+1)^0,c
  1045   001052  2A21               	incf	??_gpio_pin_direction_intialize^0,f,c
  1046   001054  EF2E  F008         	goto	u474
  1047   001058                     u475:
  1048   001058  90D8               	bcf	status,0,c
  1049   00105A  3622               	rlcf	(??_gpio_pin_direction_intialize+1)^0,f,c
  1050   00105C                     u474:
  1051   00105C  2E21               	decfsz	??_gpio_pin_direction_intialize^0,f,c
  1052   00105E  EF2C  F008         	goto	u475
  1053   001062  5022               	movf	(??_gpio_pin_direction_intialize+1)^0,w,c
  1054   001064  0AFF               	xorlw	255
  1055   001066  6E23               	movwf	(??_gpio_pin_direction_intialize+2)^0,c
  1056   001068  5020               	movf	gpio_pin_direction_intialize@_pin_config^0,w,c
  1057   00106A  6ED9               	movwf	fsr2l,c
  1058   00106C  6ADA               	clrf	fsr2h,c
  1059   00106E  50DF               	movf	223,w,c
  1060   001070  0B07               	andlw	7
  1061   001072  0D02               	mullw	2
  1062   001074  50F3               	movf	243,w,c
  1063   001076  0F15               	addlw	low _tris_registers
  1064   001078  6ED9               	movwf	fsr2l,c
  1065   00107A  6ADA               	clrf	fsr2h,c
  1066   00107C  CFDE F024          	movff	postinc2,??_gpio_pin_direction_intialize+3
  1067   001080  CFDD F025          	movff	postdec2,??_gpio_pin_direction_intialize+4
  1068   001084  C024  FFD9         	movff	??_gpio_pin_direction_intialize+3,fsr2l
  1069   001088  C025  FFDA         	movff	??_gpio_pin_direction_intialize+4,fsr2h
  1070   00108C  5023               	movf	(??_gpio_pin_direction_intialize+2)^0,w,c
  1071   00108E  16DF               	andwf	indf2,f,c
  1072                           
  1073                           ;MCAL_Layer/GPIO/hal_gpio.c: 31:             break;
  1074   001090  EF88  F008         	goto	l1193
  1075   001094                     l1187:
  1076                           
  1077                           ;MCAL_Layer/GPIO/hal_gpio.c: 33:             (*tris_registers[_pin_config->port] |= ((ui
      +                          nt8)1<<_pin_config->pin));
  1078   001094  5020               	movf	gpio_pin_direction_intialize@_pin_config^0,w,c
  1079   001096  6ED9               	movwf	fsr2l,c
  1080   001098  6ADA               	clrf	fsr2h,c
  1081   00109A  30DF               	rrcf	223,w,c
  1082   00109C  32E8               	rrcf	wreg,f,c
  1083   00109E  32E8               	rrcf	wreg,f,c
  1084   0010A0  0B07               	andlw	7
  1085   0010A2  6E21               	movwf	??_gpio_pin_direction_intialize^0,c
  1086   0010A4  0E01               	movlw	1
  1087   0010A6  6E22               	movwf	(??_gpio_pin_direction_intialize+1)^0,c
  1088   0010A8  2A21               	incf	??_gpio_pin_direction_intialize^0,f,c
  1089   0010AA  EF59  F008         	goto	u484
  1090   0010AE                     u485:
  1091   0010AE  90D8               	bcf	status,0,c
  1092   0010B0  3622               	rlcf	(??_gpio_pin_direction_intialize+1)^0,f,c
  1093   0010B2                     u484:
  1094   0010B2  2E21               	decfsz	??_gpio_pin_direction_intialize^0,f,c
  1095   0010B4  EF57  F008         	goto	u485
  1096   0010B8  5020               	movf	gpio_pin_direction_intialize@_pin_config^0,w,c
  1097   0010BA  6ED9               	movwf	fsr2l,c
  1098   0010BC  6ADA               	clrf	fsr2h,c
  1099   0010BE  50DF               	movf	223,w,c
  1100   0010C0  0B07               	andlw	7
  1101   0010C2  0D02               	mullw	2
  1102   0010C4  50F3               	movf	243,w,c
  1103   0010C6  0F15               	addlw	low _tris_registers
  1104   0010C8  6ED9               	movwf	fsr2l,c
  1105   0010CA  6ADA               	clrf	fsr2h,c
  1106   0010CC  CFDE F023          	movff	postinc2,??_gpio_pin_direction_intialize+2
  1107   0010D0  CFDD F024          	movff	postdec2,??_gpio_pin_direction_intialize+3
  1108   0010D4  C023  FFD9         	movff	??_gpio_pin_direction_intialize+2,fsr2l
  1109   0010D8  C024  FFDA         	movff	??_gpio_pin_direction_intialize+3,fsr2h
  1110   0010DC  5022               	movf	(??_gpio_pin_direction_intialize+1)^0,w,c
  1111   0010DE  12DF               	iorwf	indf2,f,c
  1112                           
  1113                           ;MCAL_Layer/GPIO/hal_gpio.c: 34:             break;
  1114   0010E0  EF88  F008         	goto	l1193
  1115   0010E4                     l1191:
  1116   0010E4  5020               	movf	gpio_pin_direction_intialize@_pin_config^0,w,c
  1117   0010E6  6ED9               	movwf	fsr2l,c
  1118   0010E8  6ADA               	clrf	fsr2h,c
  1119   0010EA  BCDF               	btfsc	indf2,6,c
  1120   0010EC  EF7A  F008         	goto	u491
  1121   0010F0  EF7D  F008         	goto	u490
  1122   0010F4                     u491:
  1123   0010F4  0E01               	movlw	1
  1124   0010F6  EF7E  F008         	goto	u496
  1125   0010FA                     u490:
  1126   0010FA  0E00               	movlw	0
  1127   0010FC                     u496:
  1128                           
  1129                           ; Switch size 1, requested type "simple"
  1130                           ; Number of cases is 2, Range of values is 0 to 1
  1131                           ; switch strategies available:
  1132                           ; Name         Instructions Cycles
  1133                           ; simple_byte            7     4 (average)
  1134                           ;	Chosen strategy is simple_byte
  1135   0010FC  0A00               	xorlw	0	; case 0
  1136   0010FE  B4D8               	btfsc	status,2,c
  1137   001100  EF1F  F008         	goto	l1185
  1138   001104  0A01               	xorlw	1	; case 1
  1139   001106  B4D8               	btfsc	status,2,c
  1140   001108  EF4A  F008         	goto	l1187
  1141   00110C  EF1B  F008         	goto	l1183
  1142   001110                     l1193:
  1143                           
  1144                           ;MCAL_Layer/GPIO/hal_gpio.c: 39:     return ret;
  1145   001110  5026               	movf	gpio_pin_direction_intialize@ret^0,w,c
  1146   001112  0012               	return		;funcret
  1147   001114                     __end_of_gpio_pin_direction_intialize:
  1148                           	callstack 0
  1149                           
  1150                           	psect	smallconst
  1151   001000                     __psmallconst:
  1152                           	callstack 0
  1153   001000  00                 	db	0
  1154   001001  00                 	db	0	; dummy byte at the end
  1155   000000                     
  1156                           	psect	rparam
  1157   000000                     
  1158                           	psect	config
  1159                           
  1160                           ; Padding undefined space
  1161   300000                     	org	3145728
  1162   300000  FF                 	db	255
  1163                           
  1164                           ;Config register CONFIG1H @ 0x300001
  1165                           ;	Oscillator Selection bits
  1166                           ;	OSC = HS, HS oscillator
  1167                           ;	Fail-Safe Clock Monitor Enable bit
  1168                           ;	FCMEN = OFF, Fail-Safe Clock Monitor disabled
  1169                           ;	Internal/External Oscillator Switchover bit
  1170                           ;	IESO = OFF, Oscillator Switchover mode disabled
  1171   300001                     	org	3145729
  1172   300001  02                 	db	2
  1173                           
  1174                           ;Config register CONFIG2L @ 0x300002
  1175                           ;	Power-up Timer Enable bit
  1176                           ;	PWRT = OFF, PWRT disabled
  1177                           ;	Brown-out Reset Enable bits
  1178                           ;	BOREN = OFF, Brown-out Reset disabled in hardware and software
  1179                           ;	Brown Out Reset Voltage bits
  1180                           ;	BORV = 1, 
  1181   300002                     	org	3145730
  1182   300002  09                 	db	9
  1183                           
  1184                           ;Config register CONFIG2H @ 0x300003
  1185                           ;	Watchdog Timer Enable bit
  1186                           ;	WDT = OFF, WDT disabled (control is placed on the SWDTEN bit)
  1187                           ;	Watchdog Timer Postscale Select bits
  1188                           ;	WDTPS = 32768, 1:32768
  1189   300003                     	org	3145731
  1190   300003  1E                 	db	30
  1191                           
  1192                           ; Padding undefined space
  1193   300004                     	org	3145732
  1194   300004  FF                 	db	255
  1195                           
  1196                           ;Config register CONFIG3H @ 0x300005
  1197                           ;	CCP2 MUX bit
  1198                           ;	CCP2MX = PORTC, CCP2 input/output is multiplexed with RC1
  1199                           ;	PORTB A/D Enable bit
  1200                           ;	PBADEN = OFF, PORTB<4:0> pins are configured as digital I/O on Reset
  1201                           ;	Low-Power Timer1 Oscillator Enable bit
  1202                           ;	LPT1OSC = OFF, Timer1 configured for higher power operation
  1203                           ;	MCLR Pin Enable bit
  1204                           ;	MCLRE = ON, MCLR pin enabled; RE3 input pin disabled
  1205   300005                     	org	3145733
  1206   300005  81                 	db	129
  1207                           
  1208                           ;Config register CONFIG4L @ 0x300006
  1209                           ;	Stack Full/Underflow Reset Enable bit
  1210                           ;	STVREN = ON, Stack full/underflow will cause Reset
  1211                           ;	Single-Supply ICSP Enable bit
  1212                           ;	LVP = OFF, Single-Supply ICSP disabled
  1213                           ;	Extended Instruction Set Enable bit
  1214                           ;	XINST = OFF, Instruction set extension and Indexed Addressing mode disabled (Legacy mo
      +                          de)
  1215                           ;	Background Debugger Enable bit
  1216                           ;	DEBUG = 0x1, unprogrammed default
  1217   300006                     	org	3145734
  1218   300006  81                 	db	129
  1219                           
  1220                           ; Padding undefined space
  1221   300007                     	org	3145735
  1222   300007  FF                 	db	255
  1223                           
  1224                           ;Config register CONFIG5L @ 0x300008
  1225                           ;	Code Protection bit
  1226                           ;	CP0 = OFF, Block 0 (000800-003FFFh) not code-protected
  1227                           ;	Code Protection bit
  1228                           ;	CP1 = OFF, Block 1 (004000-007FFFh) not code-protected
  1229                           ;	Code Protection bit
  1230                           ;	CP2 = OFF, Block 2 (008000-00BFFFh) not code-protected
  1231                           ;	Code Protection bit
  1232                           ;	CP3 = OFF, Block 3 (00C000-00FFFFh) not code-protected
  1233   300008                     	org	3145736
  1234   300008  0F                 	db	15
  1235                           
  1236                           ;Config register CONFIG5H @ 0x300009
  1237                           ;	Boot Block Code Protection bit
  1238                           ;	CPB = OFF, Boot block (000000-0007FFh) not code-protected
  1239                           ;	Data EEPROM Code Protection bit
  1240                           ;	CPD = OFF, Data EEPROM not code-protected
  1241   300009                     	org	3145737
  1242   300009  C0                 	db	192
  1243                           
  1244                           ;Config register CONFIG6L @ 0x30000A
  1245                           ;	Write Protection bit
  1246                           ;	WRT0 = OFF, Block 0 (000800-003FFFh) not write-protected
  1247                           ;	Write Protection bit
  1248                           ;	WRT1 = OFF, Block 1 (004000-007FFFh) not write-protected
  1249                           ;	Write Protection bit
  1250                           ;	WRT2 = OFF, Block 2 (008000-00BFFFh) not write-protected
  1251                           ;	Write Protection bit
  1252                           ;	WRT3 = OFF, Block 3 (00C000-00FFFFh) not write-protected
  1253   30000A                     	org	3145738
  1254   30000A  0F                 	db	15
  1255                           
  1256                           ;Config register CONFIG6H @ 0x30000B
  1257                           ;	Configuration Register Write Protection bit
  1258                           ;	WRTC = OFF, Configuration registers (300000-3000FFh) not write-protected
  1259                           ;	Boot Block Write Protection bit
  1260                           ;	WRTB = OFF, Boot Block (000000-0007FFh) not write-protected
  1261                           ;	Data EEPROM Write Protection bit
  1262                           ;	WRTD = OFF, Data EEPROM not write-protected
  1263   30000B                     	org	3145739
  1264   30000B  E0                 	db	224
  1265                           
  1266                           ;Config register CONFIG7L @ 0x30000C
  1267                           ;	Table Read Protection bit
  1268                           ;	EBTR0 = OFF, Block 0 (000800-003FFFh) not protected from table reads executed in other
      +                           blocks
  1269                           ;	Table Read Protection bit
  1270                           ;	EBTR1 = OFF, Block 1 (004000-007FFFh) not protected from table reads executed in other
      +                           blocks
  1271                           ;	Table Read Protection bit
  1272                           ;	EBTR2 = OFF, Block 2 (008000-00BFFFh) not protected from table reads executed in other
      +                           blocks
  1273                           ;	Table Read Protection bit
  1274                           ;	EBTR3 = OFF, Block 3 (00C000-00FFFFh) not protected from table reads executed in other
      +                           blocks
  1275   30000C                     	org	3145740
  1276   30000C  0F                 	db	15
  1277                           
  1278                           ;Config register CONFIG7H @ 0x30000D
  1279                           ;	Boot Block Table Read Protection bit
  1280                           ;	EBTRB = OFF, Boot Block (000000-0007FFh) not protected from table reads executed in ot
      +                          her blocks
  1281   30000D                     	org	3145741
  1282   30000D  40                 	db	64
  1283                           tosu	equ	0xFFF
  1284                           tosh	equ	0xFFE
  1285                           tosl	equ	0xFFD
  1286                           stkptr	equ	0xFFC
  1287                           pclatu	equ	0xFFB
  1288                           pclath	equ	0xFFA
  1289                           pcl	equ	0xFF9
  1290                           tblptru	equ	0xFF8
  1291                           tblptrh	equ	0xFF7
  1292                           tblptrl	equ	0xFF6
  1293                           tablat	equ	0xFF5
  1294                           prodh	equ	0xFF4
  1295                           prodl	equ	0xFF3
  1296                           indf0	equ	0xFEF
  1297                           postinc0	equ	0xFEE
  1298                           postdec0	equ	0xFED
  1299                           preinc0	equ	0xFEC
  1300                           plusw0	equ	0xFEB
  1301                           fsr0h	equ	0xFEA
  1302                           fsr0l	equ	0xFE9
  1303                           wreg	equ	0xFE8
  1304                           indf1	equ	0xFE7
  1305                           postinc1	equ	0xFE6
  1306                           postdec1	equ	0xFE5
  1307                           preinc1	equ	0xFE4
  1308                           plusw1	equ	0xFE3
  1309                           fsr1h	equ	0xFE2
  1310                           fsr1l	equ	0xFE1
  1311                           bsr	equ	0xFE0
  1312                           indf2	equ	0xFDF
  1313                           postinc2	equ	0xFDE
  1314                           postdec2	equ	0xFDD
  1315                           preinc2	equ	0xFDC
  1316                           plusw2	equ	0xFDB
  1317                           fsr2h	equ	0xFDA
  1318                           fsr2l	equ	0xFD9
  1319                           status	equ	0xFD8

Data Sizes:
    Strings     0
    Constant    0
    Data        31
    BSS         7
    Persistent  1
    Stack       0

Auto Spaces:
    Space          Size  Autos    Used
    COMRAM          127     14      53
    BANK0           128      0       0
    BANK1           256      0       0
    BANK2           256      0       0
    BANK3           256      0       0
    BANK4           256      0       0
    BANK5           256      0       0
    BANK6           256      0       0
    BANK7           256      0       0
    BANK8           256      0       0
    BANK9           256      0       0
    BANK10          256      0       0
    BANK11          256      0       0
    BANK12          256      0       0
    BANK13          256      0       0
    BANK14          256      0       0
    BANK15          128      0       0

Pointer List with Targets:

    gpio_pin_direction_intialize@_pin_config	PTR const struct . size(1) Largest target is 1
		 -> led_initialize@pin_obj(COMRAM[1]), relay_initialization@pin_obj(COMRAM[1]), 

    gpio_pin_initialize@_pin_config	PTR const struct . size(1) Largest target is 1
		 -> led_initialize@pin_obj(COMRAM[1]), relay_initialization@pin_obj(COMRAM[1]), 

    gpio_pin_write_logic@_pin_config	PTR const struct . size(1) Largest target is 1
		 -> led_initialize@pin_obj(COMRAM[1]), led_turn_off@pin_obj(COMRAM[1]), led_turn_on@pin_obj(COMRAM[1]), relay_initialization@pin_obj(COMRAM[1]), 
		 -> relay_turn_off@pin_obj(COMRAM[1]), relay_turn_on@pin_obj(COMRAM[1]), 

    lat_registers	PTR volatile unsigned char [5] size(2) Largest target is 1
		 -> LATA(BITBIGSFRll[1]), LATB(BITBIGSFRlh[1]), LATC(BITBIGSFRlh[1]), LATD(BITBIGSFRlh[1]), 
		 -> LATE(BITBIGSFRlh[1]), 

    port_registers	PTR volatile unsigned char [5] size(2) Largest target is 1
		 -> PORTA(BITBIGSFRll[1]), PORTB(BITBIGSFRll[1]), PORTC(BITBIGSFRll[1]), PORTD(BITBIGSFRll[1]), 
		 -> PORTE(BITBIGSFRll[1]), 

    relay_initialization@relay	PTR const struct . size(1) Largest target is 1
		 -> relay(COMRAM[1]), 

    relay_turn_off@relay	PTR const struct . size(1) Largest target is 1
		 -> relay(COMRAM[1]), 

    relay_turn_on@relay	PTR const struct . size(1) Largest target is 1
		 -> relay(COMRAM[1]), 

    tris_registers	PTR volatile unsigned char [5] size(2) Largest target is 1
		 -> TRISA(BITBIGSFRll[1]), TRISB(BITBIGSFRh[1]), TRISC(BITBIGSFRh[1]), TRISD(BITBIGSFRh[1]), 
		 -> TRISE(BITBIGSFRh[1]), 


Critical Paths under _main in COMRAM

    _relay_turn_on->_gpio_pin_write_logic
    _relay_turn_off->_gpio_pin_write_logic
    _application_initialize->_relay_initialization
    _relay_initialization->_gpio_pin_initialize
    _gpio_pin_initialize->_gpio_pin_direction_intialize
    _gpio_pin_initialize->_gpio_pin_write_logic

Critical Paths under _main in BANK0

    None.

Critical Paths under _main in BANK1

    None.

Critical Paths under _main in BANK2

    None.

Critical Paths under _main in BANK3

    None.

Critical Paths under _main in BANK4

    None.

Critical Paths under _main in BANK5

    None.

Critical Paths under _main in BANK6

    None.

Critical Paths under _main in BANK7

    None.

Critical Paths under _main in BANK8

    None.

Critical Paths under _main in BANK9

    None.

Critical Paths under _main in BANK10

    None.

Critical Paths under _main in BANK11

    None.

Critical Paths under _main in BANK12

    None.

Critical Paths under _main in BANK13

    None.

Critical Paths under _main in BANK14

    None.

Critical Paths under _main in BANK15

    None.

Call Graph Tables:

 ---------------------------------------------------------------------------------
 (Depth) Function   	        Calls       Base Space   Used Autos Params    Refs
 ---------------------------------------------------------------------------------
 (0) _main                                                 2     2      0    3911
                                             12 COMRAM     2     2      0
             _application_initialize
                     _relay_turn_off
                      _relay_turn_on
 ---------------------------------------------------------------------------------
 (1) _relay_turn_on                                        4     3      1    1103
                                              7 COMRAM     3     2      1
               _gpio_pin_write_logic
 ---------------------------------------------------------------------------------
 (1) _relay_turn_off                                       4     3      1    1103
                                              7 COMRAM     3     2      1
               _gpio_pin_write_logic
 ---------------------------------------------------------------------------------
 (1) _application_initialize                               0     0      0    1705
               _relay_initialization
 ---------------------------------------------------------------------------------
 (2) _relay_initialization                                 4     3      1    1705
                                              8 COMRAM     4     3      1
                _gpio_pin_initialize
 ---------------------------------------------------------------------------------
 (3) _gpio_pin_initialize                                  2     1      1    1479
                                              7 COMRAM     1     0      1
       _gpio_pin_direction_intialize
               _gpio_pin_write_logic
 ---------------------------------------------------------------------------------
 (2) _gpio_pin_write_logic                                 8     6      2     900
                                              0 COMRAM     7     5      2
 ---------------------------------------------------------------------------------
 (4) _gpio_pin_direction_intialize                         7     6      1     331
                                              0 COMRAM     7     6      1
 ---------------------------------------------------------------------------------
 Estimated maximum stack depth 4
 ---------------------------------------------------------------------------------

 Call Graph Graphs:

 _main (ROOT)
   _application_initialize
     _relay_initialization
       _gpio_pin_initialize
         _gpio_pin_direction_intialize
         _gpio_pin_write_logic
   _relay_turn_off
     _gpio_pin_write_logic
   _relay_turn_on
     _gpio_pin_write_logic

 Address spaces:
Name               Size   Autos  Total    Cost      Usage
BIGRAM             F7F      0       0      40        0.0%
EEDATA             400      0       0       0        0.0%
BITBANK14          100      0       0      32        0.0%
BANK14             100      0       0      33        0.0%
BITBANK13          100      0       0      30        0.0%
BANK13             100      0       0      31        0.0%
BITBANK12          100      0       0      28        0.0%
BANK12             100      0       0      29        0.0%
BITBANK11          100      0       0      26        0.0%
BANK11             100      0       0      27        0.0%
BITBANK10          100      0       0      24        0.0%
BANK10             100      0       0      25        0.0%
BITBANK9           100      0       0      22        0.0%
BANK9              100      0       0      23        0.0%
BITBANK8           100      0       0      20        0.0%
BANK8              100      0       0      21        0.0%
BITBANK7           100      0       0      18        0.0%
BANK7              100      0       0      19        0.0%
BITBANK6           100      0       0      16        0.0%
BANK6              100      0       0      17        0.0%
BITBANK5           100      0       0      14        0.0%
BANK5              100      0       0      15        0.0%
BITBANK4           100      0       0      12        0.0%
BANK4              100      0       0      13        0.0%
BITBANK3           100      0       0      10        0.0%
BANK3              100      0       0      11        0.0%
BITBANK2           100      0       0       8        0.0%
BANK2              100      0       0       9        0.0%
BITBANK1           100      0       0       6        0.0%
BANK1              100      0       0       7        0.0%
BITBANK15           80      0       0      34        0.0%
BANK15              80      0       0      35        0.0%
BITBANK0            80      0       0       4        0.0%
BANK0               80      0       0       5        0.0%
BITCOMRAM           7F      0       0       0        0.0%
COMRAM              7F      E      35       1       41.7%
BITBIGSFRh          69      0       0      36        0.0%
BITBIGSFRlh          4      0       0      37        0.0%
BITBIGSFRll          4      0       0      38        0.0%
BIGSFR               0      0       0     200        0.0%
BITSFR               0      0       0     200        0.0%
SFR                  0      0       0     200        0.0%
STACK                0      0       0       2        0.0%
NULL                 0      0       0       0        0.0%
ABS                  0      0      35      39        0.0%
DATA                 0      0      35       3        0.0%
CODE                 0      0       0       0        0.0%


Microchip Technology PIC18 Macro Assembler V2.46 build 20240104201356 
Symbol Table                                                                                   Mon Jun 24 23:28:23 2024

                                    l104 1112                                      l121 11F8  
                                    l210 12D2                                      l203 1268  
                                    l213 12E8                                      l206 127E  
                                    l217 133C                                      l138 13EE  
                                    l192 141A                                      l186 1342  
                                    l199 1216                                      u500 1124  
                                    u501 1120                                      u450 1016  
                                    u514 1146                                      u530 13CC  
                                    u451 1012                                      u515 1142  
                                    u531 13C8                                      u460 1036  
                                    u524 119C                                      u540 120E  
                                    u461 1032                                      u525 1198  
                                    u541 120A                                      u560 127A  
                                    u561 1276                                      u490 10FA  
                                    u474 105C                                      u491 10F4  
                                    u475 1058                                      u555 125C  
                                    u484 10B2                                      u580 12E4  
                                    u485 10AE                                      u557 125E  
                                    u581 12E0                                      u575 12C4  
                                    u496 10FC                                      u577 12C6  
                                    u595 132E                                      u597 1330  
                                    u677 1354                                      u687 1372  
                                    _ret 0035                      led_initialize@F2895 0034  
                                    wreg 0FE8                                     l1201 1128  
                                   l1203 117E                                     l1213 13BC  
                                   l1221 11FA                                     l1207 11CE  
                                   l1215 13CC                                     l1231 125E  
                                   l1223 120E                                     l1217 13D0  
                                   l1225 121A                                     l1233 1266  
                                   l1241 127A                                     l1227 124C  
                                   l1243 1282                                     l1181 1016  
                                   l1229 124E                                     l1237 1410  
                                   l1261 1320                                     l1253 12D4  
                                   l1245 12B4                                     l1325 133E  
                                   l1191 10E4                                     l1183 1036  
                                   l1335 11E2                                     l1263 1330  
                                   l1255 12E4                                     l1247 12B6  
                                   l1239 126A                                     l1327 134A  
                                   l1185 103E                                     l1193 1110  
                                   l1257 12EC                                     l1249 12C6  
                                   l1329 1360                                     l1187 1094  
                                   l1179 1002                                     l1259 131E  
                                   l1197 1114                                     l1199 1124  
                                   _LATA 0F89                                     _LATB 0F8A  
                                   _LATC 0F8B                                     _LATD 0F8C  
                                   _LATE 0F8D                                     _main 133E  
                                   fsr2h 0FDA                                     indf2 0FDF  
                                   fsr1l 0FE1                                     fsr2l 0FD9  
                                   prodl 0FF3                                     start 0000  
                           ___param_bank 0000                     _gpio_pin_write_logic 1114  
                                  ?_main 0020                 ??_application_initialize 002C  
                    relay_turn_off@F2898 002E                                    _PORTA 0F80  
                                  _PORTB 0F81                                    _PORTC 0F82  
                                  _PORTD 0F83                                    _PORTE 0F84  
                                  _TRISA 0F92                                    _TRISB 0F93  
                                  _TRISC 0F94                                    _TRISD 0F95  
                                  _TRISE 0F96                                    _relay 001F  
                                  tablat 0FF5                      relay_turn_off@relay 0027  
                                  status 0FD8                          __initialization 1386  
                  __end_of_relay_turn_on 12D4                             __end_of_main 1386  
                  ?_gpio_pin_write_logic 0020                            _lat_registers 000B  
                                 ??_main 002C                            __activetblptr 0002  
                       led_turn_on@F2900 0033                                   clear_0 13AC  
                         _relay_turn_off 12D4                                   isa$std 0001  
gpio_pin_direction_intialize@_pin_config 0020                             __pdataCOMRAM 0001  
                           __mediumconst 0000                                   tblptrh 0FF7  
                                 tblptrl 0FF6                                   tblptru 0FF8  
                   relay_turn_on@pin_obj 0029                               __accesstop 0080  
                __end_of__initialization 13B2                            ___rparam_used 0001  
                 ??_gpio_pin_write_logic 0022                           __pcstackCOMRAM 0020  
                 __end_of_relay_turn_off 133E                  relay_initialization@ret 002A  
                 _application_initialize 1410                               __pnvCOMRAM 0035  
                      led_turn_off@F2905 0032                          ?_relay_turn_off 0027  
                   led_turn_toggle@F2910 0031                           _tris_registers 0015  
                                __Hparam 0000                                  __Lparam 0000  
            relay_initialization@pin_obj 002B                      _gpio_pin_initialize 13BC  
                           __psmallconst 1000                                  __pcinit 1386  
                                __ramtop 1000                                  __ptext0 133E  
                                __ptext1 126A                                  __ptext2 12D4  
                                __ptext3 1410                                  __ptext4 11FA  
                                __ptext5 13BC                                  __ptext6 1114  
                                __ptext7 1002                     ?_gpio_pin_initialize 0027  
                   end_of_initialization 13B2                            __Lmediumconst 0000  
                  relay_turn_off@pin_obj 0029                                  postdec1 0FE5  
                                postdec2 0FDD                                  postinc0 0FEE  
                                postinc2 0FDE     __end_of_gpio_pin_direction_intialize 1114  
           _gpio_pin_direction_intialize 1002                    ??_gpio_pin_initialize 0028  
                     relay_turn_on@F2893 002F                            __pidataCOMRAM 13F0  
                     relay_turn_on@relay 0027                      start_initialization 1386  
           __end_of_relay_initialization 126A            ?_gpio_pin_direction_intialize 0020  
                ?_application_initialize 0020                         ??_relay_turn_off 0028  
                          _relay_turn_on 126A                              __pbssCOMRAM 002E  
         __end_of_application_initialize 141C          gpio_pin_direction_intialize@ret 0026  
                         ?_relay_turn_on 0027          gpio_pin_write_logic@_pin_config 0020  
              gpio_pin_write_logic@logic 0021                              __smallconst 1000  
         ??_gpio_pin_direction_intialize 0021                     _relay_initialization 11FA  
                              copy_data0 139A                relay_initialization@F2888 0030  
                               __Hrparam 0000                          ??_relay_turn_on 0028  
                  ?_relay_initialization 0028                                 __Lrparam 0000  
              relay_initialization@relay 0028              __end_of_gpio_pin_initialize 13F0  
         gpio_pin_initialize@_pin_config 0027                                 isa$xinst 0000  
           __end_of_gpio_pin_write_logic 11FA                   ??_relay_initialization 0029  
                         _port_registers 0001  
